<?xml version="1.0" encoding="UTF-8"?>
<testng-results ignored="0" total="1" passed="1" failed="0" skipped="0">
  <reporter-output>
  </reporter-output>
  <suite started-at="2026-01-21T12:15:42 IST" name="Default suite" finished-at="2026-01-21T12:15:42 IST" duration-ms="584">
    <groups>
    </groups>
    <test started-at="2026-01-21T12:15:42 IST" name="Default test" finished-at="2026-01-21T12:15:42 IST" duration-ms="584">
      <class name="Excel_testing.Reader_excel1">
        <test-method signature="Read_Data()[pri:0, instance:Excel_testing.Reader_excel1@6440112d]" started-at="2026-01-21T12:15:42 IST" name="Read_Data" finished-at="2026-01-21T12:15:42 IST" duration-ms="554" status="PASS">
          <reporter-output>
          </reporter-output>
        </test-method> <!-- Read_Data -->
      </class> <!-- Excel_testing.Reader_excel1 -->
    </test> <!-- Default test -->
  </suite> <!-- Default suite -->
</testng-results>
