<html>
<head>
<title>TestNG:  Default test</title>
<link href="../testng.css" rel="stylesheet" type="text/css" />
<link href="../my-testng.css" rel="stylesheet" type="text/css" />

<style type="text/css">
.log { display: none;} 
.stack-trace { display: none;} 
</style>
<script type="text/javascript">
<!--
function flip(e) {
  current = e.style.display;
  if (current == 'block') {
    e.style.display = 'none';
    return 0;
  }
  else {
    e.style.display = 'block';
    return 1;
  }
}

function toggleBox(szDivId, elem, msg1, msg2)
{
  var res = -1;  if (document.getElementById) {
    res = flip(document.getElementById(szDivId));
  }
  else if (document.all) {
    // this is the way old msie versions work
    res = flip(document.all[szDivId]);
  }
  if(elem) {
    if(res == 0) elem.innerHTML = msg1; else elem.innerHTML = msg2;
  }

}

function toggleAllBoxes() {
  if (document.getElementsByTagName) {
    d = document.getElementsByTagName('div');
    for (i = 0; i < d.length; i++) {
      if (d[i].className == 'log') {
        flip(d[i]);
      }
    }
  }
}

// -->
</script>

</head>
<body>
<h2 align='center'>Default test</h2><table border='1' align="center">
<tr>
<td>Tests passed/Failed/Skipped:</td><td>0/1/0</td>
</tr><tr>
<td>Started on:</td><td>Wed Jan 28 17:31:58 IST 2026</td>
</tr>
<tr><td>Total time:</td><td>18 seconds (18590 ms)</td>
</tr><tr>
<td>Included groups:</td><td></td>
</tr><tr>
<td>Excluded groups:</td><td></td>
</tr>
</table><p/>
<small><i>(Hover the method name to see the test class name)</i></small><p/>
<table width='100%' border='1' class='invocation-failed'>
<tr><td colspan='4' align='center'><b>FAILED TESTS</b></td></tr>
<tr><td><b>Test method</b></td>
<td><b>Attribute(s)</b></td>
<td width="30%"><b>Exception</b></td>
<td width="10%"><b>Time (seconds)</b></td>
<td><b>Instance</b></td>
</tr>
<tr>
<td title='TestRunnerPackage.ExcelFile.runScenario()'><b>runScenario</b><br>Test class: TestRunnerPackage.ExcelFile<br>Test method: Runs Cucumber Scenarios<br>Parameters: "Validate signup with Excel row 1 (first data row)", "Optional[Sign up BooksWagon]"</td>
<td><div><pre>org.openqa.selenium.ElementClickInterceptedException: element click intercepted: Element &lt;input type=&quot;submit&quot; name=&quot;ctl00$phBody$SignUp$btnContinue&quot; value=&quot;Continue&quot; onclick=&quot;javascript:WebForm_DoPostBackWithOptions(new WebForm_PostBackOptions(&amp;quot;ctl00$phBody$SignUp$btnContinue&amp;quot;, &amp;quot;&amp;quot;, true, &amp;quot;vgSignUp&amp;quot;, &amp;quot;&amp;quot;, false, false))&quot; id=&quot;ctl00_phBody_SignUp_btnContinue&quot; class=&quot;btn btn-block border themeborder themecolor mb-2 signupcontinue mt-3&quot;&gt; is not clickable at point (950, 627). Other element would receive the click: &lt;iframe title=&quot;recaptcha challenge expires in two minutes&quot; name=&quot;c-3e9ze9dr4yh7&quot; frameborder=&quot;0&quot; scrolling=&quot;no&quot; sandbox=&quot;allow-forms allow-popups allow-same-origin allow-scripts allow-top-navigation allow-modals allow-popups-to-escape-sandbox allow-storage-access-by-user-activation&quot; src=&quot;https://www.google.com/recaptcha/api2/bframe?hl=en&amp;amp;v=N67nZn4AqZkNcbeMu4prBgzg&amp;amp;k=6LcWegclAAAAANuIZ3_JgCoh-naBjY69vaCvY2Xj&amp;amp;bft=0dAFcWeA7Mhs_kSA_iAGsrWLpXnu-CilJF_oUqtsFsWn8P3kzn35_RafiN8Sylps-KaHPjb2JBO5_31ICx1I6vexHX0SMDu14e-w&quot; style=&quot;width: 400px; height: 611px;&quot;&gt;&lt;/iframe&gt;
  (Session info: chrome=144.0.7559.61)
Build info: version: &apos;4.36.0&apos;, revision: &apos;6d115cfd87&apos;
System info: os.name: &apos;Windows 11&apos;, os.arch: &apos;amd64&apos;, os.version: &apos;10.0&apos;, java.version: &apos;21.0.6&apos;
Driver info: org.openqa.selenium.chrome.ChromeDriver
Command: [ec7c9a507648e080e35bae4ae2623235, clickElement {id=f.BC90CB4FCBB88E5DDC3BE043773F17D9.d.D5897519E1E89ED357F4FF8ACD001634.e.93}]
Capabilities {acceptInsecureCerts: false, browserName: chrome, browserVersion: 144.0.7559.61, chrome: {chromedriverVersion: 144.0.7559.109 (6a8d5e49388..., userDataDir: C:\Users\aditya.sah\AppData...}, fedcm:accounts: true, goog:chromeOptions: {debuggerAddress: localhost:58803}, goog:processID: 14632, networkConnectionEnabled: false, pageLoadStrategy: normal, platformName: windows, proxy: Proxy(), se:cdp: ws://localhost:58803/devtoo..., se:cdpVersion: 144.0.7559.61, setWindowRect: true, strictFileInteractability: false, timeouts: {implicit: 0, pageLoad: 300000, script: 30000}, unhandledPromptBehavior: dismiss and notify, webauthn:extension:credBlob: true, webauthn:extension:largeBlob: true, webauthn:extension:minPinLength: true, webauthn:extension:prf: true, webauthn:virtualAuthenticators: true}
Element: [[ChromeDriver: chrome on windows (ec7c9a507648e080e35bae4ae2623235)] -&gt; id: ctl00_phBody_SignUp_btnContinue]
Session ID: ec7c9a507648e080e35bae4ae2623235
	at java.base/jdk.internal.reflect.DirectConstructorHandleAccessor.newInstance(DirectConstructorHandleAccessor.java:62)
	at java.base/java.lang.reflect.Constructor.newInstanceWithCaller(Constructor.java:502)
	at java.base/java.lang.reflect.Constructor.newInstance(Constructor.java:486)
	at org.openqa.selenium.remote.ErrorCodec.decode(ErrorCodec.java:167)
	at org.openqa.selenium.remote.codec.w3c.W3CHttpResponseCodec.decode(W3CHttpResponseCodec.java:138)
	at org.openqa.selenium.remote.codec.w3c.W3CHttpResponseCodec.decode(W3CHttpResponseCodec.java:50)
	at org.openqa.selenium.remote.HttpCommandExecutor.execute(HttpCommandExecutor.java:215)
	at org.openqa.selenium.remote.service.DriverCommandExecutor.invokeExecute(DriverCommandExecutor.java:216)
	at org.openqa.selenium.remote.service.DriverCommandExecutor.execute(DriverCommandExecutor.java:174)
	at org.openqa.selenium.remote.RemoteWebDriver.execute(RemoteWebDriver.java:557)
	at org.openqa.selenium.remote.RemoteWebElement.execute(RemoteWebElement.java:223)
	at org.openqa.selenium.remote.RemoteWebElement.click(RemoteWebElement.java:76)
	at Excel_File.Excel01.click_continue(Excel01.java:71)
	at ✽.I click continue(file:///C:/Users/aditya.sah/eclipse-workspace/Cucumber_Testing_02/src/test/java/ExcelFeature/excel.feature:9)
</pre></div><a href='#' onClick='toggleBox("stack-trace1436823730", this, "Click to show all stack frames", "Click to hide stack frames")'>Click to show all stack frames</a>
<div class='stack-trace' id='stack-trace1436823730'><pre>org.openqa.selenium.ElementClickInterceptedException: element click intercepted: Element &lt;input type=&quot;submit&quot; name=&quot;ctl00$phBody$SignUp$btnContinue&quot; value=&quot;Continue&quot; onclick=&quot;javascript:WebForm_DoPostBackWithOptions(new WebForm_PostBackOptions(&amp;quot;ctl00$phBody$SignUp$btnContinue&amp;quot;, &amp;quot;&amp;quot;, true, &amp;quot;vgSignUp&amp;quot;, &amp;quot;&amp;quot;, false, false))&quot; id=&quot;ctl00_phBody_SignUp_btnContinue&quot; class=&quot;btn btn-block border themeborder themecolor mb-2 signupcontinue mt-3&quot;&gt; is not clickable at point (950, 627). Other element would receive the click: &lt;iframe title=&quot;recaptcha challenge expires in two minutes&quot; name=&quot;c-3e9ze9dr4yh7&quot; frameborder=&quot;0&quot; scrolling=&quot;no&quot; sandbox=&quot;allow-forms allow-popups allow-same-origin allow-scripts allow-top-navigation allow-modals allow-popups-to-escape-sandbox allow-storage-access-by-user-activation&quot; src=&quot;https://www.google.com/recaptcha/api2/bframe?hl=en&amp;amp;v=N67nZn4AqZkNcbeMu4prBgzg&amp;amp;k=6LcWegclAAAAANuIZ3_JgCoh-naBjY69vaCvY2Xj&amp;amp;bft=0dAFcWeA7Mhs_kSA_iAGsrWLpXnu-CilJF_oUqtsFsWn8P3kzn35_RafiN8Sylps-KaHPjb2JBO5_31ICx1I6vexHX0SMDu14e-w&quot; style=&quot;width: 400px; height: 611px;&quot;&gt;&lt;/iframe&gt;
  (Session info: chrome=144.0.7559.61)
Build info: version: &apos;4.36.0&apos;, revision: &apos;6d115cfd87&apos;
System info: os.name: &apos;Windows 11&apos;, os.arch: &apos;amd64&apos;, os.version: &apos;10.0&apos;, java.version: &apos;21.0.6&apos;
Driver info: org.openqa.selenium.chrome.ChromeDriver
Command: [ec7c9a507648e080e35bae4ae2623235, clickElement {id=f.BC90CB4FCBB88E5DDC3BE043773F17D9.d.D5897519E1E89ED357F4FF8ACD001634.e.93}]
Capabilities {acceptInsecureCerts: false, browserName: chrome, browserVersion: 144.0.7559.61, chrome: {chromedriverVersion: 144.0.7559.109 (6a8d5e49388..., userDataDir: C:\Users\aditya.sah\AppData...}, fedcm:accounts: true, goog:chromeOptions: {debuggerAddress: localhost:58803}, goog:processID: 14632, networkConnectionEnabled: false, pageLoadStrategy: normal, platformName: windows, proxy: Proxy(), se:cdp: ws://localhost:58803/devtoo..., se:cdpVersion: 144.0.7559.61, setWindowRect: true, strictFileInteractability: false, timeouts: {implicit: 0, pageLoad: 300000, script: 30000}, unhandledPromptBehavior: dismiss and notify, webauthn:extension:credBlob: true, webauthn:extension:largeBlob: true, webauthn:extension:minPinLength: true, webauthn:extension:prf: true, webauthn:virtualAuthenticators: true}
Element: [[ChromeDriver: chrome on windows (ec7c9a507648e080e35bae4ae2623235)] -&gt; id: ctl00_phBody_SignUp_btnContinue]
Session ID: ec7c9a507648e080e35bae4ae2623235
	at java.base/jdk.internal.reflect.DirectConstructorHandleAccessor.newInstance(DirectConstructorHandleAccessor.java:62)
	at java.base/java.lang.reflect.Constructor.newInstanceWithCaller(Constructor.java:502)
	at java.base/java.lang.reflect.Constructor.newInstance(Constructor.java:486)
	at org.openqa.selenium.remote.ErrorCodec.decode(ErrorCodec.java:167)
	at org.openqa.selenium.remote.codec.w3c.W3CHttpResponseCodec.decode(W3CHttpResponseCodec.java:138)
	at org.openqa.selenium.remote.codec.w3c.W3CHttpResponseCodec.decode(W3CHttpResponseCodec.java:50)
	at org.openqa.selenium.remote.HttpCommandExecutor.execute(HttpCommandExecutor.java:215)
	at org.openqa.selenium.remote.service.DriverCommandExecutor.invokeExecute(DriverCommandExecutor.java:216)
	at org.openqa.selenium.remote.service.DriverCommandExecutor.execute(DriverCommandExecutor.java:174)
	at org.openqa.selenium.remote.RemoteWebDriver.execute(RemoteWebDriver.java:557)
	at org.openqa.selenium.remote.RemoteWebElement.execute(RemoteWebElement.java:223)
	at org.openqa.selenium.remote.RemoteWebElement.click(RemoteWebElement.java:76)
	at Excel_File.Excel01.click_continue(Excel01.java:71)
	at ✽.I click continue(file:///C:/Users/aditya.sah/eclipse-workspace/Cucumber_Testing_02/src/test/java/ExcelFeature/excel.feature:9)
</pre></div></td>
<td>17</td>
<td>TestRunnerPackage.ExcelFile@2b52c0d6</td></tr>
</table><p>
</body>
</html>