<?xml version="1.0" encoding="UTF-8"?>
<!-- Generated by org.testng.reporters.JUnitReportReporter -->
<testsuite hostname="TMPPUN05GTR1603" failures="0" tests="3" name="GroupingNGTest" time="0.023" errors="0" timestamp="2026-01-17T09:49:27 IST" skipped="0">
  <testcase classname="GroupingNGTest" name="smokeTest" time="0.001"/>
  <testcase classname="GroupingNGTest" name="regressionTest" time="0.019"/>
  <testcase classname="GroupingNGTest" name="shared" time="0.003"/>
</testsuite> <!-- GroupingNGTest -->
