<?xml version="1.0" encoding="UTF-8"?>
<!-- Generated by org.testng.reporters.JUnitReportReporter -->
<testsuite hostname="TMPPUN05GTR1603" failures="0" tests="3" name="com.testng.scripts.TestngDay2" time="0.014" errors="0" timestamp="2026-01-19T09:19:07 IST" skipped="0">
  <testcase classname="com.testng.scripts.TestngDay2" name="f" time="0.002"/>
  <testcase classname="com.testng.scripts.TestngDay2" name="f" time="0.010"/>
  <testcase classname="com.testng.scripts.TestngDay2" name="f" time="0.002"/>
</testsuite> <!-- com.testng.scripts.TestngDay2 -->
