<?xml version="1.0" encoding="UTF-8"?>
<!-- Generated by org.testng.reporters.JUnitReportReporter -->
<testsuite hostname="TMPPUN05GTR1603" failures="0" tests="1" name="TestRunnerPackage.ExcelFile" time="17.637" errors="1" timestamp="2026-01-28T17:32:17 IST" skipped="0">
  <testcase classname="TestRunnerPackage.ExcelFile" name="runScenario" time="17.637">
    <error message="element click intercepted: Element &lt;input type=&quot;submit&quot; name=&quot;ctl00$phBody$SignUp$btnContinue&quot; value=&quot;Continue&quot; onclick=&quot;javascript:WebForm_DoPostBackWithOptions(new WebForm_PostBackOptions(&amp;quot;ctl00$phBody$SignUp$btnContinue&amp;quot;, &amp;quot;&amp;quot;, true, &amp;quot;vgSignUp&amp;quot;, &amp;quot;&amp;quot;, false, false))&quot; id=&quot;ctl00_phBody_SignUp_btnContinue&quot; class=&quot;btn btn-block border themeborder themecolor mb-2 signupcontinue mt-3&quot;&gt; is not clickable at point (950, 627). Other element would receive the click: &lt;iframe title=&quot;recaptcha challenge expires in two minutes&quot; name=&quot;c-3e9ze9dr4yh7&quot; frameborder=&quot;0&quot; scrolling=&quot;no&quot; sandbox=&quot;allow-forms allow-popups allow-same-origin allow-scripts allow-top-navigation allow-modals allow-popups-to-escape-sandbox allow-storage-access-by-user-activation&quot; src=&quot;https://www.google.com/recaptcha/api2/bframe?hl=en&amp;amp;v=N67nZn4AqZkNcbeMu4prBgzg&amp;amp;k=6LcWegclAAAAANuIZ3_JgCoh-naBjY69vaCvY2Xj&amp;amp;bft=0dAFcWeA7Mhs_kSA_iAGsrWLpXnu-CilJF_oUqtsFsWn8P3kzn35_RafiN8Sylps-KaHPjb2JBO5_31ICx1I6vexHX0SMDu14e-w&quot; style=&quot;width: 400px; height: 611px;&quot;&gt;&lt;/iframe&gt;
  (Session info: chrome=144.0.7559.61)
Build info: version: &#039;4.36.0&#039;, revision: &#039;6d115cfd87&#039;
System info: os.name: &#039;Windows 11&#039;, os.arch: &#039;amd64&#039;, os.version: &#039;10.0&#039;, java.version: &#039;21.0.6&#039;
Driver info: org.openqa.selenium.chrome.ChromeDriver
Command: [ec7c9a507648e080e35bae4ae2623235, clickElement {id=f.BC90CB4FCBB88E5DDC3BE043773F17D9.d.D5897519E1E89ED357F4FF8ACD001634.e.93}]
Capabilities {acceptInsecureCerts: false, browserName: chrome, browserVersion: 144.0.7559.61, chrome: {chromedriverVersion: 144.0.7559.109 (6a8d5e49388..., userDataDir: C:\Users\aditya.sah\AppData...}, fedcm:accounts: true, goog:chromeOptions: {debuggerAddress: localhost:58803}, goog:processID: 14632, networkConnectionEnabled: false, pageLoadStrategy: normal, platformName: windows, proxy: Proxy(), se:cdp: ws://localhost:58803/devtoo..., se:cdpVersion: 144.0.7559.61, setWindowRect: true, strictFileInteractability: false, timeouts: {implicit: 0, pageLoad: 300000, script: 30000}, unhandledPromptBehavior: dismiss and notify, webauthn:extension:credBlob: true, webauthn:extension:largeBlob: true, webauthn:extension:minPinLength: true, webauthn:extension:prf: true, webauthn:virtualAuthenticators: true}
Element: [[ChromeDriver: chrome on windows (ec7c9a507648e080e35bae4ae2623235)] -&gt; id: ctl00_phBody_SignUp_btnContinue]
Session ID: ec7c9a507648e080e35bae4ae2623235" type="org.openqa.selenium.ElementClickInterceptedException">
      <![CDATA[org.openqa.selenium.ElementClickInterceptedException: element click intercepted: Element <input type="submit" name="ctl00$phBody$SignUp$btnContinue" value="Continue" onclick="javascript:WebForm_DoPostBackWithOptions(new WebForm_PostBackOptions(&quot;ctl00$phBody$SignUp$btnContinue&quot;, &quot;&quot;, true, &quot;vgSignUp&quot;, &quot;&quot;, false, false))" id="ctl00_phBody_SignUp_btnContinue" class="btn btn-block border themeborder themecolor mb-2 signupcontinue mt-3"> is not clickable at point (950, 627). Other element would receive the click: <iframe title="recaptcha challenge expires in two minutes" name="c-3e9ze9dr4yh7" frameborder="0" scrolling="no" sandbox="allow-forms allow-popups allow-same-origin allow-scripts allow-top-navigation allow-modals allow-popups-to-escape-sandbox allow-storage-access-by-user-activation" src="https://www.google.com/recaptcha/api2/bframe?hl=en&amp;v=N67nZn4AqZkNcbeMu4prBgzg&amp;k=6LcWegclAAAAANuIZ3_JgCoh-naBjY69vaCvY2Xj&amp;bft=0dAFcWeA7Mhs_kSA_iAGsrWLpXnu-CilJF_oUqtsFsWn8P3kzn35_RafiN8Sylps-KaHPjb2JBO5_31ICx1I6vexHX0SMDu14e-w" style="width: 400px; height: 611px;"></iframe>
  (Session info: chrome=144.0.7559.61)
Build info: version: '4.36.0', revision: '6d115cfd87'
System info: os.name: 'Windows 11', os.arch: 'amd64', os.version: '10.0', java.version: '21.0.6'
Driver info: org.openqa.selenium.chrome.ChromeDriver
Command: [ec7c9a507648e080e35bae4ae2623235, clickElement {id=f.BC90CB4FCBB88E5DDC3BE043773F17D9.d.D5897519E1E89ED357F4FF8ACD001634.e.93}]
Capabilities {acceptInsecureCerts: false, browserName: chrome, browserVersion: 144.0.7559.61, chrome: {chromedriverVersion: 144.0.7559.109 (6a8d5e49388..., userDataDir: C:\Users\aditya.sah\AppData...}, fedcm:accounts: true, goog:chromeOptions: {debuggerAddress: localhost:58803}, goog:processID: 14632, networkConnectionEnabled: false, pageLoadStrategy: normal, platformName: windows, proxy: Proxy(), se:cdp: ws://localhost:58803/devtoo..., se:cdpVersion: 144.0.7559.61, setWindowRect: true, strictFileInteractability: false, timeouts: {implicit: 0, pageLoad: 300000, script: 30000}, unhandledPromptBehavior: dismiss and notify, webauthn:extension:credBlob: true, webauthn:extension:largeBlob: true, webauthn:extension:minPinLength: true, webauthn:extension:prf: true, webauthn:virtualAuthenticators: true}
Element: [[ChromeDriver: chrome on windows (ec7c9a507648e080e35bae4ae2623235)] -> id: ctl00_phBody_SignUp_btnContinue]
Session ID: ec7c9a507648e080e35bae4ae2623235
at java.base/jdk.internal.reflect.DirectConstructorHandleAccessor.newInstance(DirectConstructorHandleAccessor.java:62)
at java.base/java.lang.reflect.Constructor.newInstanceWithCaller(Constructor.java:502)
at java.base/java.lang.reflect.Constructor.newInstance(Constructor.java:486)
at org.openqa.selenium.remote.ErrorCodec.decode(ErrorCodec.java:167)
at org.openqa.selenium.remote.codec.w3c.W3CHttpResponseCodec.decode(W3CHttpResponseCodec.java:138)
at org.openqa.selenium.remote.codec.w3c.W3CHttpResponseCodec.decode(W3CHttpResponseCodec.java:50)
at org.openqa.selenium.remote.HttpCommandExecutor.execute(HttpCommandExecutor.java:215)
at org.openqa.selenium.remote.service.DriverCommandExecutor.invokeExecute(DriverCommandExecutor.java:216)
at org.openqa.selenium.remote.service.DriverCommandExecutor.execute(DriverCommandExecutor.java:174)
at org.openqa.selenium.remote.RemoteWebDriver.execute(RemoteWebDriver.java:557)
at org.openqa.selenium.remote.RemoteWebElement.execute(RemoteWebElement.java:223)
at org.openqa.selenium.remote.RemoteWebElement.click(RemoteWebElement.java:76)
at Excel_File.Excel01.click_continue(Excel01.java:71)
at âœ½.I click continue(file:///C:/Users/aditya.sah/eclipse-workspace/Cucumber_Testing_02/src/test/java/ExcelFeature/excel.feature:9)
]]>
    </error>
  </testcase> <!-- runScenario -->
</testsuite> <!-- TestRunnerPackage.ExcelFile -->
