<?xml version="1.0" encoding="UTF-8"?>
<!-- Generated by org.testng.reporters.JUnitReportReporter -->
<testsuite hostname="TMPPUN05GTR1603" failures="0" tests="1" name="RunnerPackage.Runnerfile_3" time="0.455" errors="1" timestamp="2026-01-28T12:03:03 IST" skipped="0">
  <testcase classname="RunnerPackage.Runnerfile_3" name="setUpClass" time="0.455">
    <error message="Failed to parse resource at: file:///C:/Users/aditya.sah/eclipse-workspace/Cucumber_Testing_02/src/test/java/RunnerPackage/Test.feature
(2:1): expected: #TagLine, #FeatureLine, #Comment, #Empty, got &#039;Scenario Outline: Login to the portal&#039;
(3:5): expected: #TagLine, #FeatureLine, #Comment, #Empty, got &#039;Given The user is in bookswagon signin page&#039;
(4:5): expected: #TagLine, #FeatureLine, #Comment, #Empty, got &#039;When I want to write username as &lt;name&gt;&#039;
(5:5): expected: #TagLine, #FeatureLine, #Comment, #Empty, got &#039;When I have to add password &lt;value&gt;&#039;
(6:5): expected: #TagLine, #FeatureLine, #Comment, #Empty, got &#039;Then I verify the &lt;status&gt; in step&#039;
(8:1): expected: #TagLine, #FeatureLine, #Comment, #Empty, got &#039;Examples:&#039;
(9:5): expected: #TagLine, #FeatureLine, #Comment, #Empty, got &#039;| name      | value   | status |&#039;
(10:5): expected: #TagLine, #FeatureLine, #Comment, #Empty, got &#039;| Aditya    | 123456  |        |&#039;
(11:5): expected: #TagLine, #FeatureLine, #Comment, #Empty, got &#039;| Priyanshu | 236548  |        |&#039;
(12:5): expected: #TagLine, #FeatureLine, #Comment, #Empty, got &#039;| Yash      | 236358  |        |&#039;
(13:0): unexpected end of file, expected: #TagLine, #FeatureLine, #Comment, #Empty" type="io.cucumber.core.gherkin.FeatureParserException">
      <![CDATA[io.cucumber.core.gherkin.FeatureParserException: Failed to parse resource at: file:///C:/Users/aditya.sah/eclipse-workspace/Cucumber_Testing_02/src/test/java/RunnerPackage/Test.feature
(2:1): expected: #TagLine, #FeatureLine, #Comment, #Empty, got 'Scenario Outline: Login to the portal'
(3:5): expected: #TagLine, #FeatureLine, #Comment, #Empty, got 'Given The user is in bookswagon signin page'
(4:5): expected: #TagLine, #FeatureLine, #Comment, #Empty, got 'When I want to write username as <name>'
(5:5): expected: #TagLine, #FeatureLine, #Comment, #Empty, got 'When I have to add password <value>'
(6:5): expected: #TagLine, #FeatureLine, #Comment, #Empty, got 'Then I verify the <status> in step'
(8:1): expected: #TagLine, #FeatureLine, #Comment, #Empty, got 'Examples:'
(9:5): expected: #TagLine, #FeatureLine, #Comment, #Empty, got '| name      | value   | status |'
(10:5): expected: #TagLine, #FeatureLine, #Comment, #Empty, got '| Aditya    | 123456  |        |'
(11:5): expected: #TagLine, #FeatureLine, #Comment, #Empty, got '| Priyanshu | 236548  |        |'
(12:5): expected: #TagLine, #FeatureLine, #Comment, #Empty, got '| Yash      | 236358  |        |'
(13:0): unexpected end of file, expected: #TagLine, #FeatureLine, #Comment, #Empty
at io.cucumber.core.gherkin.messages.GherkinMessagesFeatureParser.parse(GherkinMessagesFeatureParser.java:52)
at io.cucumber.core.feature.FeatureParser.parseResource(FeatureParser.java:47)
at java.base/java.util.function.BiFunction.lambda$andThen$0(BiFunction.java:70)
at io.cucumber.core.resource.ResourceScanner.lambda$processResource$1(ResourceScanner.java:79)
at io.cucumber.core.resource.PathScanner$ResourceFileVisitor.visitFile(PathScanner.java:75)
at io.cucumber.core.resource.PathScanner$ResourceFileVisitor.visitFile(PathScanner.java:60)
at java.base/java.nio.file.Files.walkFileTree(Files.java:2799)
at io.cucumber.core.resource.PathScanner.findResourcesForPath(PathScanner.java:53)
at io.cucumber.core.resource.PathScanner.findResourcesForUri(PathScanner.java:31)
at io.cucumber.core.resource.ResourceScanner.findResourcesForUri(ResourceScanner.java:61)
at io.cucumber.core.resource.ResourceScanner.scanForResourcesUri(ResourceScanner.java:134)
at io.cucumber.core.runtime.FeaturePathFeatureSupplier.loadFeatures(FeaturePathFeatureSupplier.java:62)
at io.cucumber.core.runtime.FeaturePathFeatureSupplier.get(FeaturePathFeatureSupplier.java:45)
at io.cucumber.testng.TestNGCucumberRunner.<init>(TestNGCucumberRunner.java:125)
at io.cucumber.testng.TestNGCucumberRunner.<init>(TestNGCucumberRunner.java:66)
at io.cucumber.testng.AbstractTestNGCucumberTests.setUpClass(AbstractTestNGCucumberTests.java:23)
at java.base/jdk.internal.reflect.DirectMethodHandleAccessor.invoke(DirectMethodHandleAccessor.java:103)
at java.base/java.lang.reflect.Method.invoke(Method.java:580)
at org.testng.internal.invokers.MethodInvocationHelper.invokeMethod(MethodInvocationHelper.java:141)
at org.testng.internal.invokers.MethodInvocationHelper.invokeMethodConsideringTimeout(MethodInvocationHelper.java:71)
at org.testng.internal.invokers.ConfigInvoker.invokeConfigurationMethod(ConfigInvoker.java:400)
at org.testng.internal.invokers.ConfigInvoker.invokeConfigurations(ConfigInvoker.java:333)
at org.testng.internal.invokers.TestMethodWorker.invokeBeforeClassMethods(TestMethodWorker.java:188)
at org.testng.internal.invokers.TestMethodWorker.run(TestMethodWorker.java:128)
at java.base/java.util.ArrayList.forEach(ArrayList.java:1596)
at org.testng.TestRunner.privateRun(TestRunner.java:739)
at org.testng.TestRunner.run(TestRunner.java:614)
at org.testng.SuiteRunner.runTest(SuiteRunner.java:421)
at org.testng.SuiteRunner.runSequentially(SuiteRunner.java:413)
at org.testng.SuiteRunner.privateRun(SuiteRunner.java:373)
at org.testng.SuiteRunner.run(SuiteRunner.java:312)
at org.testng.SuiteRunnerWorker.runSuite(SuiteRunnerWorker.java:52)
at org.testng.SuiteRunnerWorker.run(SuiteRunnerWorker.java:95)
at org.testng.TestNG.runSuitesSequentially(TestNG.java:1274)
at org.testng.TestNG.runSuitesLocally(TestNG.java:1208)
at org.testng.TestNG.runSuites(TestNG.java:1112)
at org.testng.TestNG.run(TestNG.java:1079)
at org.testng.remote.AbstractRemoteTestNG.run(AbstractRemoteTestNG.java:115)
at org.testng.remote.RemoteTestNG.initAndRun(RemoteTestNG.java:293)
at org.testng.remote.RemoteTestNG.main(RemoteTestNG.java:91)
]]>
    </error>
  </testcase> <!-- setUpClass -->
</testsuite> <!-- RunnerPackage.Runnerfile_3 -->
