<?xml version="1.0" encoding="UTF-8"?>
<testng-results ignored="0" total="1" passed="1" failed="0" skipped="0">
  <reporter-output>
  </reporter-output>
  <suite started-at="2026-01-21T13:00:19 IST" name="Default suite" finished-at="2026-01-21T13:00:23 IST" duration-ms="4098">
    <groups>
    </groups>
    <test started-at="2026-01-21T13:00:19 IST" name="Default test" finished-at="2026-01-21T13:00:23 IST" duration-ms="4098">
      <class name="TestingMGMeetaGeeksPUN_GM.TestingMGMeetaGeeksPUN_GM_selenium.KeyPress">
        <test-method signature="f()[pri:0, instance:TestingMGMeetaGeeksPUN_GM.TestingMGMeetaGeeksPUN_GM_selenium.KeyPress@24d09c1]" started-at="2026-01-21T13:00:19 IST" name="f" finished-at="2026-01-21T13:00:23 IST" duration-ms="4056" status="PASS">
          <reporter-output>
          </reporter-output>
        </test-method> <!-- f -->
      </class> <!-- TestingMGMeetaGeeksPUN_GM.TestingMGMeetaGeeksPUN_GM_selenium.KeyPress -->
    </test> <!-- Default test -->
  </suite> <!-- Default suite -->
</testng-results>
