<?xml version="1.0" encoding="UTF-8"?>
<!-- Generated by org.testng.reporters.JUnitReportReporter -->
<testsuite hostname="TMPPUN05GTR1603" failures="0" tests="1" name="TestingMGMeetaGeeksPUN_GM.TestingMGMeetaGeeksPUN_GM_selenium.DragAndDrop" time="8.529" errors="0" timestamp="2026-01-20T12:19:05 IST" skipped="0">
  <testcase classname="TestingMGMeetaGeeksPUN_GM.TestingMGMeetaGeeksPUN_GM_selenium.DragAndDrop" name="hovers" time="8.529"/>
</testsuite> <!-- TestingMGMeetaGeeksPUN_GM.TestingMGMeetaGeeksPUN_GM_selenium.DragAndDrop -->
