<?xml version="1.0" encoding="UTF-8"?>
<!-- Generated by org.testng.reporters.JUnitReportReporter -->
<testsuite hostname="TMPPUN05GTR1603" failures="0" tests="2" name="TestingMGMeetaGeeksPUN_GM.TestingMGMeetaGeeksPUN_GM_selenium.awesome" time="1.341" errors="0" timestamp="2026-01-16T16:43:33 IST" skipped="0">
  <testcase classname="TestingMGMeetaGeeksPUN_GM.TestingMGMeetaGeeksPUN_GM_selenium.awesome" name="invokeApp_Awesome" time="1.324"/>
  <testcase classname="TestingMGMeetaGeeksPUN_GM.TestingMGMeetaGeeksPUN_GM_selenium.awesome" name="Fetch_And_Validate_Title" time="0.017"/>
</testsuite> <!-- TestingMGMeetaGeeksPUN_GM.TestingMGMeetaGeeksPUN_GM_selenium.awesome -->
