<?xml version="1.0" encoding="UTF-8"?>
<!-- Generated by org.testng.reporters.JUnitReportReporter -->
<testsuite hostname="TMPPUN05GTR1603" failures="0" tests="1" name="TestingMGMeetaGeeksPUN_GM.TestingMGMeetaGeeksPUN_GM_selenium.KeyPress" time="4.056" errors="0" timestamp="2026-01-21T13:00:23 IST" skipped="0">
  <testcase classname="TestingMGMeetaGeeksPUN_GM.TestingMGMeetaGeeksPUN_GM_selenium.KeyPress" name="f" time="4.056"/>
</testsuite> <!-- TestingMGMeetaGeeksPUN_GM.TestingMGMeetaGeeksPUN_GM_selenium.KeyPress -->
